Loading data...
Data loaded.
Selecting data...
Normalizing, selecting labels...
Data selected.
Model: "sequential"
_________________________________________________________________
 Layer (type)                Output Shape              Param #   
=================================================================
 conv2d (Conv2D)             (None, 150, 42, 16)       336       
                                                                 
 dropout (Dropout)           (None, 150, 42, 16)       0         
                                                                 
 flatten (Flatten)           (None, 100800)            0         
                                                                 
 dense (Dense)               (None, 32)                3225632   
                                                                 
 dropout_1 (Dropout)         (None, 32)                0         
                                                                 
 dense_1 (Dense)             (None, 14)                462       
                                                                 
=================================================================
Total params: 3,226,430
Trainable params: 3,226,430
Non-trainable params: 0
_________________________________________________________________
Epoch 1/50

 1/32 [..............................] - ETA: 44s - loss: 2.6340 - accuracy: 0.1000
 5/32 [===>..........................] - ETA: 0s - loss: 2.6764 - accuracy: 0.2440 
 9/32 [=======>......................] - ETA: 0s - loss: 2.3294 - accuracy: 0.3011
14/32 [============>.................] - ETA: 0s - loss: 2.1018 - accuracy: 0.3571
18/32 [===============>..............] - ETA: 0s - loss: 1.9846 - accuracy: 0.3950
22/32 [===================>..........] - ETA: 0s - loss: 1.8965 - accuracy: 0.4145
27/32 [========================>.....] - ETA: 0s - loss: 1.8177 - accuracy: 0.4415
31/32 [============================>.] - ETA: 0s - loss: 1.7571 - accuracy: 0.4590
32/32 [==============================] - 2s 13ms/step - loss: 1.7558 - accuracy: 0.4594
Epoch 2/50

 1/32 [..............................] - ETA: 0s - loss: 1.2262 - accuracy: 0.6000
 5/32 [===>..........................] - ETA: 0s - loss: 1.1461 - accuracy: 0.6400
 9/32 [=======>......................] - ETA: 0s - loss: 1.2157 - accuracy: 0.6122
13/32 [===========>..................] - ETA: 0s - loss: 1.2700 - accuracy: 0.5962
18/32 [===============>..............] - ETA: 0s - loss: 1.2504 - accuracy: 0.6044
23/32 [====================>.........] - ETA: 0s - loss: 1.2397 - accuracy: 0.6043
27/32 [========================>.....] - ETA: 0s - loss: 1.2078 - accuracy: 0.6189
31/32 [============================>.] - ETA: 0s - loss: 1.1995 - accuracy: 0.6235
32/32 [==============================] - 0s 13ms/step - loss: 1.1999 - accuracy: 0.6230
Epoch 3/50

 1/32 [..............................] - ETA: 0s - loss: 1.0031 - accuracy: 0.7000
 6/32 [====>.........................] - ETA: 0s - loss: 1.0555 - accuracy: 0.6417
10/32 [========>.....................] - ETA: 0s - loss: 1.0687 - accuracy: 0.6460
15/32 [=============>................] - ETA: 0s - loss: 1.0466 - accuracy: 0.6627
19/32 [================>.............] - ETA: 0s - loss: 1.0347 - accuracy: 0.6716
23/32 [====================>.........] - ETA: 0s - loss: 1.0235 - accuracy: 0.6765
27/32 [========================>.....] - ETA: 0s - loss: 1.0180 - accuracy: 0.6781
31/32 [============================>.] - ETA: 0s - loss: 1.0111 - accuracy: 0.6797
32/32 [==============================] - 0s 13ms/step - loss: 1.0116 - accuracy: 0.6795
Epoch 4/50

 1/32 [..............................] - ETA: 0s - loss: 1.1110 - accuracy: 0.6400
 6/32 [====>.........................] - ETA: 0s - loss: 0.9508 - accuracy: 0.6900
10/32 [========>.....................] - ETA: 0s - loss: 0.8967 - accuracy: 0.7120
14/32 [============>.................] - ETA: 0s - loss: 0.9052 - accuracy: 0.7021
19/32 [================>.............] - ETA: 0s - loss: 0.9249 - accuracy: 0.6926
23/32 [====================>.........] - ETA: 0s - loss: 0.9065 - accuracy: 0.7009
28/32 [=========================>....] - ETA: 0s - loss: 0.9006 - accuracy: 0.7057
31/32 [============================>.] - ETA: 0s - loss: 0.8946 - accuracy: 0.7052
32/32 [==============================] - 0s 13ms/step - loss: 0.8953 - accuracy: 0.7058
Epoch 5/50

 1/32 [..............................] - ETA: 0s - loss: 0.9150 - accuracy: 0.6700
 5/32 [===>..........................] - ETA: 0s - loss: 0.8068 - accuracy: 0.7340
10/32 [========>.....................] - ETA: 0s - loss: 0.7611 - accuracy: 0.7550
14/32 [============>.................] - ETA: 0s - loss: 0.7289 - accuracy: 0.7657
18/32 [===============>..............] - ETA: 0s - loss: 0.7527 - accuracy: 0.7528
22/32 [===================>..........] - ETA: 0s - loss: 0.7693 - accuracy: 0.7441
27/32 [========================>.....] - ETA: 0s - loss: 0.7798 - accuracy: 0.7415
32/32 [==============================] - 0s 13ms/step - loss: 0.7887 - accuracy: 0.7366
Epoch 6/50

 1/32 [..............................] - ETA: 0s - loss: 0.6036 - accuracy: 0.8300
 4/32 [==>...........................] - ETA: 0s - loss: 0.7054 - accuracy: 0.7850
 9/32 [=======>......................] - ETA: 0s - loss: 0.7250 - accuracy: 0.7689
13/32 [===========>..................] - ETA: 0s - loss: 0.7485 - accuracy: 0.7638
18/32 [===============>..............] - ETA: 0s - loss: 0.7461 - accuracy: 0.7578
23/32 [====================>.........] - ETA: 0s - loss: 0.7310 - accuracy: 0.7613
27/32 [========================>.....] - ETA: 0s - loss: 0.7276 - accuracy: 0.7585
31/32 [============================>.] - ETA: 0s - loss: 0.7340 - accuracy: 0.7594
32/32 [==============================] - 0s 13ms/step - loss: 0.7333 - accuracy: 0.7591
Epoch 7/50

 1/32 [..............................] - ETA: 0s - loss: 0.7384 - accuracy: 0.7900
 6/32 [====>.........................] - ETA: 0s - loss: 0.6825 - accuracy: 0.7833
10/32 [========>.....................] - ETA: 0s - loss: 0.6887 - accuracy: 0.7690
14/32 [============>.................] - ETA: 0s - loss: 0.6943 - accuracy: 0.7621
18/32 [===============>..............] - ETA: 0s - loss: 0.6851 - accuracy: 0.7683
23/32 [====================>.........] - ETA: 0s - loss: 0.6911 - accuracy: 0.7635
27/32 [========================>.....] - ETA: 0s - loss: 0.6942 - accuracy: 0.7622
31/32 [============================>.] - ETA: 0s - loss: 0.6795 - accuracy: 0.7661
32/32 [==============================] - 0s 13ms/step - loss: 0.6790 - accuracy: 0.7661
Epoch 8/50

 1/32 [..............................] - ETA: 0s - loss: 0.5435 - accuracy: 0.7900
 5/32 [===>..........................] - ETA: 0s - loss: 0.7059 - accuracy: 0.7700
 9/32 [=======>......................] - ETA: 0s - loss: 0.6862 - accuracy: 0.7711
13/32 [===========>..................] - ETA: 0s - loss: 0.6853 - accuracy: 0.7754
18/32 [===============>..............] - ETA: 0s - loss: 0.6759 - accuracy: 0.7767
22/32 [===================>..........] - ETA: 0s - loss: 0.6722 - accuracy: 0.7759
26/32 [=======================>......] - ETA: 0s - loss: 0.6500 - accuracy: 0.7815
30/32 [===========================>..] - ETA: 0s - loss: 0.6379 - accuracy: 0.7833
32/32 [==============================] - 0s 13ms/step - loss: 0.6432 - accuracy: 0.7815
Epoch 9/50

 1/32 [..............................] - ETA: 0s - loss: 0.8519 - accuracy: 0.6500
 5/32 [===>..........................] - ETA: 0s - loss: 0.6614 - accuracy: 0.7620
10/32 [========>.....................] - ETA: 0s - loss: 0.6406 - accuracy: 0.7720
14/32 [============>.................] - ETA: 0s - loss: 0.6118 - accuracy: 0.7886
18/32 [===============>..............] - ETA: 0s - loss: 0.6336 - accuracy: 0.7872
23/32 [====================>.........] - ETA: 0s - loss: 0.6255 - accuracy: 0.7896
27/32 [========================>.....] - ETA: 0s - loss: 0.6109 - accuracy: 0.7948
31/32 [============================>.] - ETA: 0s - loss: 0.5956 - accuracy: 0.7974
32/32 [==============================] - 0s 13ms/step - loss: 0.5977 - accuracy: 0.7963
Epoch 10/50

 1/32 [..............................] - ETA: 0s - loss: 0.5624 - accuracy: 0.8000
 5/32 [===>..........................] - ETA: 0s - loss: 0.6128 - accuracy: 0.7900
10/32 [========>.....................] - ETA: 0s - loss: 0.5759 - accuracy: 0.8030
14/32 [============>.................] - ETA: 0s - loss: 0.5667 - accuracy: 0.8029
18/32 [===============>..............] - ETA: 0s - loss: 0.5692 - accuracy: 0.8000
22/32 [===================>..........] - ETA: 0s - loss: 0.5804 - accuracy: 0.7977
26/32 [=======================>......] - ETA: 0s - loss: 0.5707 - accuracy: 0.8012
31/32 [============================>.] - ETA: 0s - loss: 0.5638 - accuracy: 0.8061
32/32 [==============================] - 0s 13ms/step - loss: 0.5644 - accuracy: 0.8059
Epoch 11/50

 1/32 [..............................] - ETA: 0s - loss: 0.6477 - accuracy: 0.7800
 5/32 [===>..........................] - ETA: 0s - loss: 0.5379 - accuracy: 0.8360
10/32 [========>.....................] - ETA: 0s - loss: 0.5084 - accuracy: 0.8350
14/32 [============>.................] - ETA: 0s - loss: 0.5287 - accuracy: 0.8279
18/32 [===============>..............] - ETA: 0s - loss: 0.5372 - accuracy: 0.8211
23/32 [====================>.........] - ETA: 0s - loss: 0.5271 - accuracy: 0.8191
28/32 [=========================>....] - ETA: 0s - loss: 0.5201 - accuracy: 0.8182
32/32 [==============================] - 0s 13ms/step - loss: 0.5211 - accuracy: 0.8178
Epoch 12/50

 1/32 [..............................] - ETA: 0s - loss: 0.5065 - accuracy: 0.8000
 5/32 [===>..........................] - ETA: 0s - loss: 0.5065 - accuracy: 0.8180
 9/32 [=======>......................] - ETA: 0s - loss: 0.4843 - accuracy: 0.8278
14/32 [============>.................] - ETA: 0s - loss: 0.4823 - accuracy: 0.8207
18/32 [===============>..............] - ETA: 0s - loss: 0.4693 - accuracy: 0.8294
23/32 [====================>.........] - ETA: 0s - loss: 0.4716 - accuracy: 0.8300
27/32 [========================>.....] - ETA: 0s - loss: 0.4674 - accuracy: 0.8319
32/32 [==============================] - ETA: 0s - loss: 0.4855 - accuracy: 0.8287
32/32 [==============================] - 0s 13ms/step - loss: 0.4855 - accuracy: 0.8287
Epoch 13/50

 1/32 [..............................] - ETA: 0s - loss: 0.4819 - accuracy: 0.8300
 6/32 [====>.........................] - ETA: 0s - loss: 0.4680 - accuracy: 0.8333
11/32 [=========>....................] - ETA: 0s - loss: 0.4855 - accuracy: 0.8336
15/32 [=============>................] - ETA: 0s - loss: 0.4825 - accuracy: 0.8320
20/32 [=================>............] - ETA: 0s - loss: 0.4803 - accuracy: 0.8330
24/32 [=====================>........] - ETA: 0s - loss: 0.4803 - accuracy: 0.8300
28/32 [=========================>....] - ETA: 0s - loss: 0.4753 - accuracy: 0.8311
32/32 [==============================] - 0s 13ms/step - loss: 0.4668 - accuracy: 0.8348
Epoch 14/50

 1/32 [..............................] - ETA: 0s - loss: 0.5522 - accuracy: 0.8000
 5/32 [===>..........................] - ETA: 0s - loss: 0.4553 - accuracy: 0.8380
 9/32 [=======>......................] - ETA: 0s - loss: 0.4424 - accuracy: 0.8478
13/32 [===========>..................] - ETA: 0s - loss: 0.4570 - accuracy: 0.8354
18/32 [===============>..............] - ETA: 0s - loss: 0.4621 - accuracy: 0.8356
22/32 [===================>..........] - ETA: 0s - loss: 0.4624 - accuracy: 0.8336
27/32 [========================>.....] - ETA: 0s - loss: 0.4623 - accuracy: 0.8315
32/32 [==============================] - 0s 13ms/step - loss: 0.4576 - accuracy: 0.8351
Epoch 15/50

 1/32 [..............................] - ETA: 0s - loss: 0.3732 - accuracy: 0.8700
 4/32 [==>...........................] - ETA: 0s - loss: 0.4395 - accuracy: 0.8425
 9/32 [=======>......................] - ETA: 0s - loss: 0.4311 - accuracy: 0.8411
13/32 [===========>..................] - ETA: 0s - loss: 0.4220 - accuracy: 0.8500
18/32 [===============>..............] - ETA: 0s - loss: 0.4420 - accuracy: 0.8383
23/32 [====================>.........] - ETA: 0s - loss: 0.4448 - accuracy: 0.8391
27/32 [========================>.....] - ETA: 0s - loss: 0.4454 - accuracy: 0.8396
31/32 [============================>.] - ETA: 0s - loss: 0.4353 - accuracy: 0.8432
32/32 [==============================] - 0s 13ms/step - loss: 0.4347 - accuracy: 0.8434
Epoch 16/50

 1/32 [..............................] - ETA: 0s - loss: 0.4952 - accuracy: 0.8300
 6/32 [====>.........................] - ETA: 0s - loss: 0.4119 - accuracy: 0.8583
10/32 [========>.....................] - ETA: 0s - loss: 0.4063 - accuracy: 0.8570
15/32 [=============>................] - ETA: 0s - loss: 0.4010 - accuracy: 0.8587
19/32 [================>.............] - ETA: 0s - loss: 0.3984 - accuracy: 0.8574
24/32 [=====================>........] - ETA: 0s - loss: 0.3928 - accuracy: 0.8542
29/32 [==========================>...] - ETA: 0s - loss: 0.3975 - accuracy: 0.8531
32/32 [==============================] - 0s 13ms/step - loss: 0.4010 - accuracy: 0.8524
Epoch 17/50

 1/32 [..............................] - ETA: 0s - loss: 0.3607 - accuracy: 0.9000
 6/32 [====>.........................] - ETA: 0s - loss: 0.4016 - accuracy: 0.8533
10/32 [========>.....................] - ETA: 0s - loss: 0.3755 - accuracy: 0.8650
15/32 [=============>................] - ETA: 0s - loss: 0.3946 - accuracy: 0.8547
20/32 [=================>............] - ETA: 0s - loss: 0.3931 - accuracy: 0.8550
24/32 [=====================>........] - ETA: 0s - loss: 0.3979 - accuracy: 0.8546
29/32 [==========================>...] - ETA: 0s - loss: 0.4017 - accuracy: 0.8534
32/32 [==============================] - 0s 13ms/step - loss: 0.3973 - accuracy: 0.8572
Epoch 18/50

 1/32 [..............................] - ETA: 0s - loss: 0.5630 - accuracy: 0.8100
 6/32 [====>.........................] - ETA: 0s - loss: 0.3933 - accuracy: 0.8667
11/32 [=========>....................] - ETA: 0s - loss: 0.3784 - accuracy: 0.8627
15/32 [=============>................] - ETA: 0s - loss: 0.3650 - accuracy: 0.8673
19/32 [================>.............] - ETA: 0s - loss: 0.3750 - accuracy: 0.8668
23/32 [====================>.........] - ETA: 0s - loss: 0.3739 - accuracy: 0.8661
28/32 [=========================>....] - ETA: 0s - loss: 0.3710 - accuracy: 0.8696
32/32 [==============================] - 0s 13ms/step - loss: 0.3733 - accuracy: 0.8669
Epoch 19/50

 1/32 [..............................] - ETA: 0s - loss: 0.2710 - accuracy: 0.8800
 4/32 [==>...........................] - ETA: 0s - loss: 0.3838 - accuracy: 0.8450
 9/32 [=======>......................] - ETA: 0s - loss: 0.3447 - accuracy: 0.8689
13/32 [===========>..................] - ETA: 0s - loss: 0.3612 - accuracy: 0.8638
18/32 [===============>..............] - ETA: 0s - loss: 0.3571 - accuracy: 0.8667
22/32 [===================>..........] - ETA: 0s - loss: 0.3499 - accuracy: 0.8695
26/32 [=======================>......] - ETA: 0s - loss: 0.3571 - accuracy: 0.8673
30/32 [===========================>..] - ETA: 0s - loss: 0.3502 - accuracy: 0.8707
32/32 [==============================] - 0s 13ms/step - loss: 0.3494 - accuracy: 0.8714
Epoch 20/50

 1/32 [..............................] - ETA: 0s - loss: 0.3334 - accuracy: 0.8700
 5/32 [===>..........................] - ETA: 0s - loss: 0.2465 - accuracy: 0.9060
10/32 [========>.....................] - ETA: 0s - loss: 0.2863 - accuracy: 0.8830
15/32 [=============>................] - ETA: 0s - loss: 0.3106 - accuracy: 0.8740
19/32 [================>.............] - ETA: 0s - loss: 0.3159 - accuracy: 0.8774
24/32 [=====================>........] - ETA: 0s - loss: 0.3179 - accuracy: 0.8788
28/32 [=========================>....] - ETA: 0s - loss: 0.3236 - accuracy: 0.8768
32/32 [==============================] - 0s 13ms/step - loss: 0.3223 - accuracy: 0.8781
Epoch 21/50

 1/32 [..............................] - ETA: 0s - loss: 0.2407 - accuracy: 0.9000
 6/32 [====>.........................] - ETA: 0s - loss: 0.2955 - accuracy: 0.8967
10/32 [========>.....................] - ETA: 0s - loss: 0.3054 - accuracy: 0.8910
14/32 [============>.................] - ETA: 0s - loss: 0.3314 - accuracy: 0.8829
18/32 [===============>..............] - ETA: 0s - loss: 0.3448 - accuracy: 0.8822
23/32 [====================>.........] - ETA: 0s - loss: 0.3436 - accuracy: 0.8787
27/32 [========================>.....] - ETA: 0s - loss: 0.3391 - accuracy: 0.8793
31/32 [============================>.] - ETA: 0s - loss: 0.3411 - accuracy: 0.8774
32/32 [==============================] - 0s 13ms/step - loss: 0.3419 - accuracy: 0.8768
Epoch 22/50

 1/32 [..............................] - ETA: 0s - loss: 0.4123 - accuracy: 0.8700
 5/32 [===>..........................] - ETA: 0s - loss: 0.3371 - accuracy: 0.8720
 9/32 [=======>......................] - ETA: 0s - loss: 0.3371 - accuracy: 0.8800
14/32 [============>.................] - ETA: 0s - loss: 0.3304 - accuracy: 0.8857
19/32 [================>.............] - ETA: 0s - loss: 0.3238 - accuracy: 0.8847
23/32 [====================>.........] - ETA: 0s - loss: 0.3259 - accuracy: 0.8830
27/32 [========================>.....] - ETA: 0s - loss: 0.3229 - accuracy: 0.8837
32/32 [==============================] - ETA: 0s - loss: 0.3182 - accuracy: 0.8839
32/32 [==============================] - 0s 13ms/step - loss: 0.3182 - accuracy: 0.8839
Epoch 23/50

 1/32 [..............................] - ETA: 0s - loss: 0.4426 - accuracy: 0.8300
 5/32 [===>..........................] - ETA: 0s - loss: 0.2971 - accuracy: 0.9020
10/32 [========>.....................] - ETA: 0s - loss: 0.2776 - accuracy: 0.9070
14/32 [============>.................] - ETA: 0s - loss: 0.2939 - accuracy: 0.8993
18/32 [===============>..............] - ETA: 0s - loss: 0.2995 - accuracy: 0.8967
22/32 [===================>..........] - ETA: 0s - loss: 0.3016 - accuracy: 0.8959
27/32 [========================>.....] - ETA: 0s - loss: 0.2997 - accuracy: 0.8970
32/32 [==============================] - ETA: 0s - loss: 0.3090 - accuracy: 0.8916
32/32 [==============================] - 0s 13ms/step - loss: 0.3090 - accuracy: 0.8916
Epoch 24/50

 1/32 [..............................] - ETA: 0s - loss: 0.3897 - accuracy: 0.8500
 5/32 [===>..........................] - ETA: 0s - loss: 0.2975 - accuracy: 0.8940
10/32 [========>.....................] - ETA: 0s - loss: 0.2639 - accuracy: 0.9040
14/32 [============>.................] - ETA: 0s - loss: 0.2793 - accuracy: 0.8950
18/32 [===============>..............] - ETA: 0s - loss: 0.2777 - accuracy: 0.8950
23/32 [====================>.........] - ETA: 0s - loss: 0.2885 - accuracy: 0.8917
28/32 [=========================>....] - ETA: 0s - loss: 0.2915 - accuracy: 0.8914
32/32 [==============================] - 0s 13ms/step - loss: 0.2900 - accuracy: 0.8916
Epoch 25/50

 1/32 [..............................] - ETA: 0s - loss: 0.3179 - accuracy: 0.9100
 6/32 [====>.........................] - ETA: 0s - loss: 0.2541 - accuracy: 0.9100
10/32 [========>.....................] - ETA: 0s - loss: 0.2811 - accuracy: 0.8960
14/32 [============>.................] - ETA: 0s - loss: 0.2760 - accuracy: 0.8957
18/32 [===============>..............] - ETA: 0s - loss: 0.2687 - accuracy: 0.9017
23/32 [====================>.........] - ETA: 0s - loss: 0.2663 - accuracy: 0.8996
27/32 [========================>.....] - ETA: 0s - loss: 0.2686 - accuracy: 0.8993
31/32 [============================>.] - ETA: 0s - loss: 0.2662 - accuracy: 0.8994
32/32 [==============================] - 0s 13ms/step - loss: 0.2652 - accuracy: 0.8999
Epoch 26/50

 1/32 [..............................] - ETA: 0s - loss: 0.4155 - accuracy: 0.8200
 5/32 [===>..........................] - ETA: 0s - loss: 0.2825 - accuracy: 0.8960
 9/32 [=======>......................] - ETA: 0s - loss: 0.2976 - accuracy: 0.8922
14/32 [============>.................] - ETA: 0s - loss: 0.2890 - accuracy: 0.8979
18/32 [===============>..............] - ETA: 0s - loss: 0.2847 - accuracy: 0.8972
22/32 [===================>..........] - ETA: 0s - loss: 0.2805 - accuracy: 0.8959
27/32 [========================>.....] - ETA: 0s - loss: 0.2765 - accuracy: 0.8956
31/32 [============================>.] - ETA: 0s - loss: 0.2810 - accuracy: 0.8919
32/32 [==============================] - 0s 13ms/step - loss: 0.2807 - accuracy: 0.8922
Epoch 27/50

 1/32 [..............................] - ETA: 0s - loss: 0.1886 - accuracy: 0.9100
 5/32 [===>..........................] - ETA: 0s - loss: 0.2267 - accuracy: 0.9120
 9/32 [=======>......................] - ETA: 0s - loss: 0.2829 - accuracy: 0.8922
14/32 [============>.................] - ETA: 0s - loss: 0.2775 - accuracy: 0.8921
18/32 [===============>..............] - ETA: 0s - loss: 0.2687 - accuracy: 0.8983
22/32 [===================>..........] - ETA: 0s - loss: 0.2723 - accuracy: 0.8973
27/32 [========================>.....] - ETA: 0s - loss: 0.2681 - accuracy: 0.9000
32/32 [==============================] - ETA: 0s - loss: 0.2691 - accuracy: 0.8983
32/32 [==============================] - 0s 13ms/step - loss: 0.2691 - accuracy: 0.8983
Epoch 28/50

 1/32 [..............................] - ETA: 0s - loss: 0.2848 - accuracy: 0.9000
 6/32 [====>.........................] - ETA: 0s - loss: 0.2410 - accuracy: 0.8967
10/32 [========>.....................] - ETA: 0s - loss: 0.2511 - accuracy: 0.8970
14/32 [============>.................] - ETA: 0s - loss: 0.2621 - accuracy: 0.9029
18/32 [===============>..............] - ETA: 0s - loss: 0.2573 - accuracy: 0.9072
23/32 [====================>.........] - ETA: 0s - loss: 0.2596 - accuracy: 0.9057
27/32 [========================>.....] - ETA: 0s - loss: 0.2545 - accuracy: 0.9070
31/32 [============================>.] - ETA: 0s - loss: 0.2573 - accuracy: 0.9048
32/32 [==============================] - 0s 13ms/step - loss: 0.2579 - accuracy: 0.9044
Epoch 29/50

 1/32 [..............................] - ETA: 0s - loss: 0.2677 - accuracy: 0.8900
 6/32 [====>.........................] - ETA: 0s - loss: 0.2299 - accuracy: 0.9233
10/32 [========>.....................] - ETA: 0s - loss: 0.2390 - accuracy: 0.9190
15/32 [=============>................] - ETA: 0s - loss: 0.2411 - accuracy: 0.9167
19/32 [================>.............] - ETA: 0s - loss: 0.2524 - accuracy: 0.9142
23/32 [====================>.........] - ETA: 0s - loss: 0.2473 - accuracy: 0.9135
28/32 [=========================>....] - ETA: 0s - loss: 0.2364 - accuracy: 0.9139
32/32 [==============================] - ETA: 0s - loss: 0.2382 - accuracy: 0.9137
32/32 [==============================] - 0s 13ms/step - loss: 0.2382 - accuracy: 0.9137
Epoch 30/50

 1/32 [..............................] - ETA: 0s - loss: 0.1825 - accuracy: 0.9300
 6/32 [====>.........................] - ETA: 0s - loss: 0.2632 - accuracy: 0.8967
10/32 [========>.....................] - ETA: 0s - loss: 0.2526 - accuracy: 0.8980
14/32 [============>.................] - ETA: 0s - loss: 0.2421 - accuracy: 0.9043
18/32 [===============>..............] - ETA: 0s - loss: 0.2492 - accuracy: 0.9050
22/32 [===================>..........] - ETA: 0s - loss: 0.2521 - accuracy: 0.9023
27/32 [========================>.....] - ETA: 0s - loss: 0.2466 - accuracy: 0.9037
31/32 [============================>.] - ETA: 0s - loss: 0.2468 - accuracy: 0.9035
32/32 [==============================] - 0s 13ms/step - loss: 0.2462 - accuracy: 0.9041
Epoch 31/50

 1/32 [..............................] - ETA: 0s - loss: 0.2091 - accuracy: 0.9300
 5/32 [===>..........................] - ETA: 0s - loss: 0.2274 - accuracy: 0.9220
 9/32 [=======>......................] - ETA: 0s - loss: 0.2329 - accuracy: 0.9178
13/32 [===========>..................] - ETA: 0s - loss: 0.2273 - accuracy: 0.9223
18/32 [===============>..............] - ETA: 0s - loss: 0.2318 - accuracy: 0.9222
22/32 [===================>..........] - ETA: 0s - loss: 0.2276 - accuracy: 0.9223
27/32 [========================>.....] - ETA: 0s - loss: 0.2354 - accuracy: 0.9163
31/32 [============================>.] - ETA: 0s - loss: 0.2328 - accuracy: 0.9171
32/32 [==============================] - 0s 13ms/step - loss: 0.2342 - accuracy: 0.9163
Epoch 32/50

 1/32 [..............................] - ETA: 0s - loss: 0.2345 - accuracy: 0.9100
 5/32 [===>..........................] - ETA: 0s - loss: 0.2131 - accuracy: 0.9180
10/32 [========>.....................] - ETA: 0s - loss: 0.2254 - accuracy: 0.9130
15/32 [=============>................] - ETA: 0s - loss: 0.2272 - accuracy: 0.9127
19/32 [================>.............] - ETA: 0s - loss: 0.2279 - accuracy: 0.9116
24/32 [=====================>........] - ETA: 0s - loss: 0.2223 - accuracy: 0.9142
28/32 [=========================>....] - ETA: 0s - loss: 0.2290 - accuracy: 0.9125
32/32 [==============================] - 0s 13ms/step - loss: 0.2317 - accuracy: 0.9118
Epoch 33/50

 1/32 [..............................] - ETA: 0s - loss: 0.0962 - accuracy: 0.9600
 5/32 [===>..........................] - ETA: 0s - loss: 0.2279 - accuracy: 0.9220
 9/32 [=======>......................] - ETA: 0s - loss: 0.2339 - accuracy: 0.9211
13/32 [===========>..................] - ETA: 0s - loss: 0.2368 - accuracy: 0.9208
17/32 [==============>...............] - ETA: 0s - loss: 0.2267 - accuracy: 0.9247
22/32 [===================>..........] - ETA: 0s - loss: 0.2199 - accuracy: 0.9273
26/32 [=======================>......] - ETA: 0s - loss: 0.2207 - accuracy: 0.9285
31/32 [============================>.] - ETA: 0s - loss: 0.2195 - accuracy: 0.9274
32/32 [==============================] - 0s 13ms/step - loss: 0.2194 - accuracy: 0.9272
Epoch 34/50

 1/32 [..............................] - ETA: 0s - loss: 0.2293 - accuracy: 0.9100
 5/32 [===>..........................] - ETA: 0s - loss: 0.1999 - accuracy: 0.9260
10/32 [========>.....................] - ETA: 0s - loss: 0.1970 - accuracy: 0.9210
14/32 [============>.................] - ETA: 0s - loss: 0.1989 - accuracy: 0.9200
18/32 [===============>..............] - ETA: 0s - loss: 0.1988 - accuracy: 0.9217
23/32 [====================>.........] - ETA: 0s - loss: 0.2061 - accuracy: 0.9209
27/32 [========================>.....] - ETA: 0s - loss: 0.2101 - accuracy: 0.9222
31/32 [============================>.] - ETA: 0s - loss: 0.2125 - accuracy: 0.9219
32/32 [==============================] - 0s 13ms/step - loss: 0.2117 - accuracy: 0.9224
Epoch 35/50

 1/32 [..............................] - ETA: 0s - loss: 0.2676 - accuracy: 0.8800
 5/32 [===>..........................] - ETA: 0s - loss: 0.1842 - accuracy: 0.9420
 9/32 [=======>......................] - ETA: 0s - loss: 0.1785 - accuracy: 0.9367
14/32 [============>.................] - ETA: 0s - loss: 0.1993 - accuracy: 0.9293
19/32 [================>.............] - ETA: 0s - loss: 0.2040 - accuracy: 0.9274
23/32 [====================>.........] - ETA: 0s - loss: 0.2055 - accuracy: 0.9274
28/32 [=========================>....] - ETA: 0s - loss: 0.2066 - accuracy: 0.9279
32/32 [==============================] - ETA: 0s - loss: 0.2092 - accuracy: 0.9269
32/32 [==============================] - 0s 13ms/step - loss: 0.2092 - accuracy: 0.9269
Epoch 36/50

 1/32 [..............................] - ETA: 0s - loss: 0.1482 - accuracy: 0.9400
 5/32 [===>..........................] - ETA: 0s - loss: 0.1999 - accuracy: 0.9220
10/32 [========>.....................] - ETA: 0s - loss: 0.1879 - accuracy: 0.9270
14/32 [============>.................] - ETA: 0s - loss: 0.1926 - accuracy: 0.9264
19/32 [================>.............] - ETA: 0s - loss: 0.1878 - accuracy: 0.9284
23/32 [====================>.........] - ETA: 0s - loss: 0.1945 - accuracy: 0.9257
27/32 [========================>.....] - ETA: 0s - loss: 0.1940 - accuracy: 0.9230
31/32 [============================>.] - ETA: 0s - loss: 0.1952 - accuracy: 0.9235
32/32 [==============================] - 0s 13ms/step - loss: 0.1944 - accuracy: 0.9240
Epoch 37/50

 1/32 [..............................] - ETA: 0s - loss: 0.2751 - accuracy: 0.9100
 5/32 [===>..........................] - ETA: 0s - loss: 0.2514 - accuracy: 0.9240
 9/32 [=======>......................] - ETA: 0s - loss: 0.2162 - accuracy: 0.9322
13/32 [===========>..................] - ETA: 0s - loss: 0.2105 - accuracy: 0.9331
18/32 [===============>..............] - ETA: 0s - loss: 0.2030 - accuracy: 0.9328
23/32 [====================>.........] - ETA: 0s - loss: 0.2122 - accuracy: 0.9296
27/32 [========================>.....] - ETA: 0s - loss: 0.2100 - accuracy: 0.9296
32/32 [==============================] - ETA: 0s - loss: 0.2044 - accuracy: 0.9310
32/32 [==============================] - 0s 13ms/step - loss: 0.2044 - accuracy: 0.9310
Epoch 38/50

 1/32 [..............................] - ETA: 0s - loss: 0.2582 - accuracy: 0.9000
 5/32 [===>..........................] - ETA: 0s - loss: 0.1911 - accuracy: 0.9300
 9/32 [=======>......................] - ETA: 0s - loss: 0.1763 - accuracy: 0.9344
14/32 [============>.................] - ETA: 0s - loss: 0.1828 - accuracy: 0.9321
18/32 [===============>..............] - ETA: 0s - loss: 0.1851 - accuracy: 0.9311
23/32 [====================>.........] - ETA: 0s - loss: 0.1909 - accuracy: 0.9296
26/32 [=======================>......] - ETA: 0s - loss: 0.1903 - accuracy: 0.9288
31/32 [============================>.] - ETA: 0s - loss: 0.1958 - accuracy: 0.9268
32/32 [==============================] - 0s 13ms/step - loss: 0.1963 - accuracy: 0.9265
Epoch 39/50

 1/32 [..............................] - ETA: 0s - loss: 0.1264 - accuracy: 0.9700
 6/32 [====>.........................] - ETA: 0s - loss: 0.1933 - accuracy: 0.9350
10/32 [========>.....................] - ETA: 0s - loss: 0.1880 - accuracy: 0.9350
14/32 [============>.................] - ETA: 0s - loss: 0.1880 - accuracy: 0.9343
19/32 [================>.............] - ETA: 0s - loss: 0.1963 - accuracy: 0.9321
23/32 [====================>.........] - ETA: 0s - loss: 0.1960 - accuracy: 0.9313
27/32 [========================>.....] - ETA: 0s - loss: 0.2022 - accuracy: 0.9281
31/32 [============================>.] - ETA: 0s - loss: 0.2035 - accuracy: 0.9245
32/32 [==============================] - 0s 13ms/step - loss: 0.2032 - accuracy: 0.9249
Epoch 40/50

 1/32 [..............................] - ETA: 0s - loss: 0.1361 - accuracy: 0.9500
 5/32 [===>..........................] - ETA: 0s - loss: 0.1532 - accuracy: 0.9580
 9/32 [=======>......................] - ETA: 0s - loss: 0.1805 - accuracy: 0.9411
13/32 [===========>..................] - ETA: 0s - loss: 0.1801 - accuracy: 0.9400
18/32 [===============>..............] - ETA: 0s - loss: 0.1933 - accuracy: 0.9350
22/32 [===================>..........] - ETA: 0s - loss: 0.1920 - accuracy: 0.9341
26/32 [=======================>......] - ETA: 0s - loss: 0.1903 - accuracy: 0.9350
30/32 [===========================>..] - ETA: 0s - loss: 0.1860 - accuracy: 0.9363
32/32 [==============================] - 0s 13ms/step - loss: 0.1862 - accuracy: 0.9355
Epoch 41/50

 1/32 [..............................] - ETA: 0s - loss: 0.1323 - accuracy: 0.9600
 5/32 [===>..........................] - ETA: 0s - loss: 0.1611 - accuracy: 0.9400
10/32 [========>.....................] - ETA: 0s - loss: 0.1588 - accuracy: 0.9440
14/32 [============>.................] - ETA: 0s - loss: 0.1643 - accuracy: 0.9421
18/32 [===============>..............] - ETA: 0s - loss: 0.1677 - accuracy: 0.9411
22/32 [===================>..........] - ETA: 0s - loss: 0.1756 - accuracy: 0.9377
26/32 [=======================>......] - ETA: 0s - loss: 0.1690 - accuracy: 0.9385
31/32 [============================>.] - ETA: 0s - loss: 0.1716 - accuracy: 0.9377
32/32 [==============================] - 0s 13ms/step - loss: 0.1712 - accuracy: 0.9378
Epoch 42/50

 1/32 [..............................] - ETA: 0s - loss: 0.2780 - accuracy: 0.9400
 5/32 [===>..........................] - ETA: 0s - loss: 0.1518 - accuracy: 0.9560
 9/32 [=======>......................] - ETA: 0s - loss: 0.1583 - accuracy: 0.9500
14/32 [============>.................] - ETA: 0s - loss: 0.1788 - accuracy: 0.9371
18/32 [===============>..............] - ETA: 0s - loss: 0.1729 - accuracy: 0.9383
23/32 [====================>.........] - ETA: 0s - loss: 0.1811 - accuracy: 0.9326
27/32 [========================>.....] - ETA: 0s - loss: 0.1846 - accuracy: 0.9296
31/32 [============================>.] - ETA: 0s - loss: 0.1851 - accuracy: 0.9303
32/32 [==============================] - 0s 14ms/step - loss: 0.1846 - accuracy: 0.9307
Epoch 43/50

 1/32 [..............................] - ETA: 0s - loss: 0.1409 - accuracy: 0.9500
 6/32 [====>.........................] - ETA: 0s - loss: 0.1923 - accuracy: 0.9283
10/32 [========>.....................] - ETA: 0s - loss: 0.1769 - accuracy: 0.9380
14/32 [============>.................] - ETA: 0s - loss: 0.1797 - accuracy: 0.9364
19/32 [================>.............] - ETA: 0s - loss: 0.1739 - accuracy: 0.9353
23/32 [====================>.........] - ETA: 0s - loss: 0.1814 - accuracy: 0.9339
27/32 [========================>.....] - ETA: 0s - loss: 0.1855 - accuracy: 0.9326
31/32 [============================>.] - ETA: 0s - loss: 0.1820 - accuracy: 0.9332
32/32 [==============================] - 0s 13ms/step - loss: 0.1827 - accuracy: 0.9333
Epoch 44/50

 1/32 [..............................] - ETA: 0s - loss: 0.1290 - accuracy: 0.9600
 6/32 [====>.........................] - ETA: 0s - loss: 0.1748 - accuracy: 0.9383
11/32 [=========>....................] - ETA: 0s - loss: 0.1633 - accuracy: 0.9418
15/32 [=============>................] - ETA: 0s - loss: 0.1774 - accuracy: 0.9387
20/32 [=================>............] - ETA: 0s - loss: 0.1800 - accuracy: 0.9375
24/32 [=====================>........] - ETA: 0s - loss: 0.1776 - accuracy: 0.9371
28/32 [=========================>....] - ETA: 0s - loss: 0.1812 - accuracy: 0.9339
32/32 [==============================] - 0s 13ms/step - loss: 0.1761 - accuracy: 0.9365
Epoch 45/50

 1/32 [..............................] - ETA: 0s - loss: 0.1163 - accuracy: 0.9500
 5/32 [===>..........................] - ETA: 0s - loss: 0.1152 - accuracy: 0.9600
 9/32 [=======>......................] - ETA: 0s - loss: 0.1410 - accuracy: 0.9533
13/32 [===========>..................] - ETA: 0s - loss: 0.1402 - accuracy: 0.9554
18/32 [===============>..............] - ETA: 0s - loss: 0.1532 - accuracy: 0.9511
22/32 [===================>..........] - ETA: 0s - loss: 0.1579 - accuracy: 0.9482
27/32 [========================>.....] - ETA: 0s - loss: 0.1598 - accuracy: 0.9456
32/32 [==============================] - ETA: 0s - loss: 0.1644 - accuracy: 0.9445
32/32 [==============================] - 0s 13ms/step - loss: 0.1644 - accuracy: 0.9445
Epoch 46/50

 1/32 [..............................] - ETA: 0s - loss: 0.1887 - accuracy: 0.9500
 5/32 [===>..........................] - ETA: 0s - loss: 0.1916 - accuracy: 0.9460
10/32 [========>.....................] - ETA: 0s - loss: 0.1858 - accuracy: 0.9360
14/32 [============>.................] - ETA: 0s - loss: 0.1887 - accuracy: 0.9321
18/32 [===============>..............] - ETA: 0s - loss: 0.1788 - accuracy: 0.9367
23/32 [====================>.........] - ETA: 0s - loss: 0.1774 - accuracy: 0.9352
27/32 [========================>.....] - ETA: 0s - loss: 0.1764 - accuracy: 0.9341
31/32 [============================>.] - ETA: 0s - loss: 0.1818 - accuracy: 0.9316
32/32 [==============================] - 0s 13ms/step - loss: 0.1817 - accuracy: 0.9317
Epoch 47/50

 1/32 [..............................] - ETA: 0s - loss: 0.1561 - accuracy: 0.9100
 6/32 [====>.........................] - ETA: 0s - loss: 0.1468 - accuracy: 0.9433
10/32 [========>.....................] - ETA: 0s - loss: 0.1452 - accuracy: 0.9420
15/32 [=============>................] - ETA: 0s - loss: 0.1450 - accuracy: 0.9427
19/32 [================>.............] - ETA: 0s - loss: 0.1451 - accuracy: 0.9416
23/32 [====================>.........] - ETA: 0s - loss: 0.1474 - accuracy: 0.9422
27/32 [========================>.....] - ETA: 0s - loss: 0.1456 - accuracy: 0.9430
31/32 [============================>.] - ETA: 0s - loss: 0.1508 - accuracy: 0.9403
32/32 [==============================] - 0s 13ms/step - loss: 0.1504 - accuracy: 0.9403
Epoch 48/50

 1/32 [..............................] - ETA: 0s - loss: 0.0824 - accuracy: 0.9700
 6/32 [====>.........................] - ETA: 0s - loss: 0.1866 - accuracy: 0.9383
10/32 [========>.....................] - ETA: 0s - loss: 0.1744 - accuracy: 0.9390
14/32 [============>.................] - ETA: 0s - loss: 0.1611 - accuracy: 0.9421
18/32 [===============>..............] - ETA: 0s - loss: 0.1573 - accuracy: 0.9450
22/32 [===================>..........] - ETA: 0s - loss: 0.1596 - accuracy: 0.9432
27/32 [========================>.....] - ETA: 0s - loss: 0.1607 - accuracy: 0.9456
31/32 [============================>.] - ETA: 0s - loss: 0.1584 - accuracy: 0.9465
32/32 [==============================] - 0s 13ms/step - loss: 0.1577 - accuracy: 0.9467
Epoch 49/50

 1/32 [..............................] - ETA: 0s - loss: 0.1960 - accuracy: 0.9300
 5/32 [===>..........................] - ETA: 0s - loss: 0.1574 - accuracy: 0.9440
 9/32 [=======>......................] - ETA: 0s - loss: 0.1654 - accuracy: 0.9333
13/32 [===========>..................] - ETA: 0s - loss: 0.1655 - accuracy: 0.9331
18/32 [===============>..............] - ETA: 0s - loss: 0.1502 - accuracy: 0.9411
22/32 [===================>..........] - ETA: 0s - loss: 0.1543 - accuracy: 0.9368
26/32 [=======================>......] - ETA: 0s - loss: 0.1501 - accuracy: 0.9385
30/32 [===========================>..] - ETA: 0s - loss: 0.1503 - accuracy: 0.9407
32/32 [==============================] - 0s 13ms/step - loss: 0.1498 - accuracy: 0.9413
Epoch 50/50

 1/32 [..............................] - ETA: 0s - loss: 0.1877 - accuracy: 0.9500
 5/32 [===>..........................] - ETA: 0s - loss: 0.1516 - accuracy: 0.9460
10/32 [========>.....................] - ETA: 0s - loss: 0.1508 - accuracy: 0.9400
14/32 [============>.................] - ETA: 0s - loss: 0.1443 - accuracy: 0.9450
18/32 [===============>..............] - ETA: 0s - loss: 0.1413 - accuracy: 0.9472
22/32 [===================>..........] - ETA: 0s - loss: 0.1444 - accuracy: 0.9473
26/32 [=======================>......] - ETA: 0s - loss: 0.1451 - accuracy: 0.9462
31/32 [============================>.] - ETA: 0s - loss: 0.1496 - accuracy: 0.9442
32/32 [==============================] - 0s 13ms/step - loss: 0.1495 - accuracy: 0.9445
---SETUP---
Approach:  Selection
Type of network:  CNN
Points per example:  150
Num classes:  13

 1/32 [..............................] - ETA: 2s
 8/32 [======>.......................] - ETA: 0s
20/32 [=================>............] - ETA: 0s
29/32 [==========================>...] - ETA: 0s
32/32 [==============================] - 0s 6ms/step
---TRAIN---
3117 : Number of training examples
[[  0   0   0   0   0   0   0   0   0   0   0   0   0   0]
 [  0 742   0   3   0   0   0   0   0   0   0   0   0   0]
 [  0   0 740   1   2   0   0   0   0   0   0   0   0   0]
 [  0   2   0 139   0   0   0   0   0   0   7   0   0   0]
 [  0   0   1   0 142   0   0   0   0   0   0   5   0   0]
 [  0   0   0   0   0 143   0   0   0   4   0   0   0   1]
 [  0   0   0   0   0   0 149   0   0   0   0   0   0   0]
 [  0   0   0   0   0   0   0 147   1   0   0   0   0   0]
 [  0   0   0   0   0   0   0   0 147   1   0   0   0   0]
 [  0   0   0   0   0   0   0   0   0 147   0   0   1   0]
 [  0   0   0   5   0   0   0   0   0   0 143   0   0   0]
 [  0   0   7   0   9   0   0   0   0   0   0 132   0   0]
 [  0   0   0   0   0   0   0   0   0   3   0   0 145   0]
 [  0   0   1   0   0   0   0   0   0   1   0   0   0 146]]
0.9823548283606032 : Train accuracy
0.982312123688364 : Train fmeasure weighted
---TEST---

 1/12 [=>............................] - ETA: 0s
11/12 [==========================>...] - ETA: 0s
12/12 [==============================] - 0s 6ms/step
1101 : Number of testing examples
[[  0   0   0   0   0   0   0   0   0   0   0   0   0   0]
 [  0 255   5   4   1   0   0   0   0   0   0   0   0   0]
 [  0   6 254   0   3   0   0   0   0   0   0   0   0   1]
 [  0   2   0  29   0   0   1   0   0   0  20   0   0   0]
 [  0   0   9   0  29   0   0   0   1   0   0  11   0   2]
 [  0   0   1   0   0  33   0   0   0  17   0   0   0   1]
 [  0   0   0   0   0   2  49   0   0   1   0   0   0   0]
 [  0   0   0   0   0   0   0  51   0   1   0   0   0   0]
 [  0   0   0   0   0   1   0   1  47   1   0   0   0   2]
 [  0   0   0   0   0   2   0   0   3  42   0   0   3   2]
 [  0   1   0  21   0   0   0   0   0   0  30   0   0   0]
 [  0   0   7   0  17   0   0   0   0   0   0  23   0   5]
 [  0   0   0   0   0   0   1   0   4   0   0   0  45   2]
 [  0   0   0   0   3   0   1   0   4   0   0   1   5  38]]
0.8401453224341507 : Test accuracy
0.837231069642329 : Test fmeasure weighted
