Loading data...
Data loaded.
Selecting data...
Normalizing, selecting labels...
Data selected.
Model: "sequential"
_________________________________________________________________
 Layer (type)                Output Shape              Param #   
=================================================================
 lstm (LSTM)                 (None, 32)                9600      
                                                                 
 dropout (Dropout)           (None, 32)                0         
                                                                 
 dense (Dense)               (None, 14)                462       
                                                                 
=================================================================
Total params: 10,062
Trainable params: 10,062
Non-trainable params: 0
_________________________________________________________________
Epoch 1/50

 1/32 [..............................] - ETA: 59s - loss: 2.6638 - accuracy: 0.0300
 6/32 [====>.........................] - ETA: 0s - loss: 2.5998 - accuracy: 0.1667 
10/32 [========>.....................] - ETA: 0s - loss: 2.5632 - accuracy: 0.2220
15/32 [=============>................] - ETA: 0s - loss: 2.5211 - accuracy: 0.2353
19/32 [================>.............] - ETA: 0s - loss: 2.4827 - accuracy: 0.2389
24/32 [=====================>........] - ETA: 0s - loss: 2.4503 - accuracy: 0.2346
28/32 [=========================>....] - ETA: 0s - loss: 2.4258 - accuracy: 0.2393
32/32 [==============================] - 2s 13ms/step - loss: 2.4033 - accuracy: 0.2429
Epoch 2/50

 1/32 [..............................] - ETA: 0s - loss: 2.0828 - accuracy: 0.3300
 6/32 [====>.........................] - ETA: 0s - loss: 2.1882 - accuracy: 0.2500
10/32 [========>.....................] - ETA: 0s - loss: 2.1516 - accuracy: 0.2520
15/32 [=============>................] - ETA: 0s - loss: 2.1311 - accuracy: 0.2593
19/32 [================>.............] - ETA: 0s - loss: 2.1383 - accuracy: 0.2605
24/32 [=====================>........] - ETA: 0s - loss: 2.1508 - accuracy: 0.2542
29/32 [==========================>...] - ETA: 0s - loss: 2.1233 - accuracy: 0.2617
32/32 [==============================] - 0s 13ms/step - loss: 2.1209 - accuracy: 0.2599
Epoch 3/50

 1/32 [..............................] - ETA: 0s - loss: 2.0322 - accuracy: 0.2700
 6/32 [====>.........................] - ETA: 0s - loss: 1.9962 - accuracy: 0.2983
10/32 [========>.....................] - ETA: 0s - loss: 2.0093 - accuracy: 0.2920
15/32 [=============>................] - ETA: 0s - loss: 2.0260 - accuracy: 0.2787
20/32 [=================>............] - ETA: 0s - loss: 2.0155 - accuracy: 0.2815
25/32 [======================>.......] - ETA: 0s - loss: 2.0217 - accuracy: 0.2764
29/32 [==========================>...] - ETA: 0s - loss: 2.0286 - accuracy: 0.2766
32/32 [==============================] - 0s 13ms/step - loss: 2.0286 - accuracy: 0.2753
Epoch 4/50

 1/32 [..............................] - ETA: 0s - loss: 1.8703 - accuracy: 0.2300
 6/32 [====>.........................] - ETA: 0s - loss: 2.0007 - accuracy: 0.2567
10/32 [========>.....................] - ETA: 0s - loss: 1.9906 - accuracy: 0.2640
14/32 [============>.................] - ETA: 0s - loss: 1.9937 - accuracy: 0.2714
19/32 [================>.............] - ETA: 0s - loss: 1.9770 - accuracy: 0.2811
23/32 [====================>.........] - ETA: 0s - loss: 1.9640 - accuracy: 0.2861
28/32 [=========================>....] - ETA: 0s - loss: 1.9577 - accuracy: 0.2871
32/32 [==============================] - ETA: 0s - loss: 1.9547 - accuracy: 0.2900
32/32 [==============================] - 0s 13ms/step - loss: 1.9547 - accuracy: 0.2900
Epoch 5/50

 1/32 [..............................] - ETA: 0s - loss: 1.8107 - accuracy: 0.3900
 5/32 [===>..........................] - ETA: 0s - loss: 1.9481 - accuracy: 0.3240
10/32 [========>.....................] - ETA: 0s - loss: 1.9158 - accuracy: 0.3130
15/32 [=============>................] - ETA: 0s - loss: 1.9140 - accuracy: 0.3113
19/32 [================>.............] - ETA: 0s - loss: 1.8911 - accuracy: 0.3205
24/32 [=====================>........] - ETA: 0s - loss: 1.8839 - accuracy: 0.3208
29/32 [==========================>...] - ETA: 0s - loss: 1.8819 - accuracy: 0.3224
32/32 [==============================] - 0s 12ms/step - loss: 1.8796 - accuracy: 0.3263
Epoch 6/50

 1/32 [..............................] - ETA: 0s - loss: 1.8679 - accuracy: 0.2700
 5/32 [===>..........................] - ETA: 0s - loss: 1.8367 - accuracy: 0.3520
10/32 [========>.....................] - ETA: 0s - loss: 1.8305 - accuracy: 0.3470
14/32 [============>.................] - ETA: 0s - loss: 1.8498 - accuracy: 0.3486
19/32 [================>.............] - ETA: 0s - loss: 1.8485 - accuracy: 0.3468
23/32 [====================>.........] - ETA: 0s - loss: 1.8350 - accuracy: 0.3539
28/32 [=========================>....] - ETA: 0s - loss: 1.8333 - accuracy: 0.3557
32/32 [==============================] - 0s 13ms/step - loss: 1.8269 - accuracy: 0.3561
Epoch 7/50

 1/32 [..............................] - ETA: 0s - loss: 1.7404 - accuracy: 0.3500
 5/32 [===>..........................] - ETA: 0s - loss: 1.8057 - accuracy: 0.3660
10/32 [========>.....................] - ETA: 0s - loss: 1.8186 - accuracy: 0.3550
14/32 [============>.................] - ETA: 0s - loss: 1.7835 - accuracy: 0.3614
19/32 [================>.............] - ETA: 0s - loss: 1.7917 - accuracy: 0.3663
23/32 [====================>.........] - ETA: 0s - loss: 1.8024 - accuracy: 0.3600
27/32 [========================>.....] - ETA: 0s - loss: 1.7984 - accuracy: 0.3619
32/32 [==============================] - ETA: 0s - loss: 1.7790 - accuracy: 0.3661
32/32 [==============================] - 0s 13ms/step - loss: 1.7790 - accuracy: 0.3661
Epoch 8/50

 1/32 [..............................] - ETA: 0s - loss: 1.7383 - accuracy: 0.4000
 4/32 [==>...........................] - ETA: 0s - loss: 1.6987 - accuracy: 0.3975
 9/32 [=======>......................] - ETA: 0s - loss: 1.7353 - accuracy: 0.3933
13/32 [===========>..................] - ETA: 0s - loss: 1.7285 - accuracy: 0.4015
18/32 [===============>..............] - ETA: 0s - loss: 1.6821 - accuracy: 0.4244
22/32 [===================>..........] - ETA: 0s - loss: 1.7042 - accuracy: 0.4177
27/32 [========================>.....] - ETA: 0s - loss: 1.6926 - accuracy: 0.4244
32/32 [==============================] - ETA: 0s - loss: 1.7013 - accuracy: 0.4232
32/32 [==============================] - 0s 13ms/step - loss: 1.7013 - accuracy: 0.4232
Epoch 9/50

 1/32 [..............................] - ETA: 0s - loss: 1.5301 - accuracy: 0.6000
 5/32 [===>..........................] - ETA: 0s - loss: 1.5825 - accuracy: 0.5080
10/32 [========>.....................] - ETA: 0s - loss: 1.6388 - accuracy: 0.4650
15/32 [=============>................] - ETA: 0s - loss: 1.6212 - accuracy: 0.4827
19/32 [================>.............] - ETA: 0s - loss: 1.6261 - accuracy: 0.4774
24/32 [=====================>........] - ETA: 0s - loss: 1.6187 - accuracy: 0.4796
28/32 [=========================>....] - ETA: 0s - loss: 1.6075 - accuracy: 0.4857
32/32 [==============================] - 0s 13ms/step - loss: 1.6131 - accuracy: 0.4806
Epoch 10/50

 1/32 [..............................] - ETA: 0s - loss: 1.5141 - accuracy: 0.5100
 6/32 [====>.........................] - ETA: 0s - loss: 1.5196 - accuracy: 0.5017
 9/32 [=======>......................] - ETA: 0s - loss: 1.5086 - accuracy: 0.5067
14/32 [============>.................] - ETA: 0s - loss: 1.5157 - accuracy: 0.5257
19/32 [================>.............] - ETA: 0s - loss: 1.5433 - accuracy: 0.4989
24/32 [=====================>........] - ETA: 0s - loss: 1.5674 - accuracy: 0.4900
28/32 [=========================>....] - ETA: 0s - loss: 1.5617 - accuracy: 0.4889
32/32 [==============================] - 0s 12ms/step - loss: 1.5621 - accuracy: 0.4893
Epoch 11/50

 1/32 [..............................] - ETA: 0s - loss: 1.4235 - accuracy: 0.5300
 6/32 [====>.........................] - ETA: 0s - loss: 1.4910 - accuracy: 0.5033
10/32 [========>.....................] - ETA: 0s - loss: 1.4419 - accuracy: 0.5340
15/32 [=============>................] - ETA: 0s - loss: 1.4952 - accuracy: 0.5200
19/32 [================>.............] - ETA: 0s - loss: 1.5002 - accuracy: 0.5274
24/32 [=====================>........] - ETA: 0s - loss: 1.5080 - accuracy: 0.5183
28/32 [=========================>....] - ETA: 0s - loss: 1.5133 - accuracy: 0.5171
32/32 [==============================] - ETA: 0s - loss: 1.5152 - accuracy: 0.5162
32/32 [==============================] - 0s 13ms/step - loss: 1.5152 - accuracy: 0.5162
Epoch 12/50

 1/32 [..............................] - ETA: 0s - loss: 1.4466 - accuracy: 0.5300
 5/32 [===>..........................] - ETA: 0s - loss: 1.4751 - accuracy: 0.5300
 9/32 [=======>......................] - ETA: 0s - loss: 1.5289 - accuracy: 0.5422
14/32 [============>.................] - ETA: 0s - loss: 1.5433 - accuracy: 0.5293
19/32 [================>.............] - ETA: 0s - loss: 1.5436 - accuracy: 0.5200
23/32 [====================>.........] - ETA: 0s - loss: 1.5570 - accuracy: 0.5065
28/32 [=========================>....] - ETA: 0s - loss: 1.5591 - accuracy: 0.5021
32/32 [==============================] - ETA: 0s - loss: 1.5463 - accuracy: 0.5091
32/32 [==============================] - 0s 13ms/step - loss: 1.5463 - accuracy: 0.5091
Epoch 13/50

 1/32 [..............................] - ETA: 0s - loss: 1.4357 - accuracy: 0.5100
 6/32 [====>.........................] - ETA: 0s - loss: 1.4311 - accuracy: 0.5483
10/32 [========>.....................] - ETA: 0s - loss: 1.4693 - accuracy: 0.5330
15/32 [=============>................] - ETA: 0s - loss: 1.4538 - accuracy: 0.5353
20/32 [=================>............] - ETA: 0s - loss: 1.4505 - accuracy: 0.5445
24/32 [=====================>........] - ETA: 0s - loss: 1.4336 - accuracy: 0.5537
29/32 [==========================>...] - ETA: 0s - loss: 1.4315 - accuracy: 0.5517
32/32 [==============================] - 0s 12ms/step - loss: 1.4213 - accuracy: 0.5534
Epoch 14/50

 1/32 [..............................] - ETA: 0s - loss: 1.2947 - accuracy: 0.6100
 5/32 [===>..........................] - ETA: 0s - loss: 1.2860 - accuracy: 0.5940
 9/32 [=======>......................] - ETA: 0s - loss: 1.3237 - accuracy: 0.5933
14/32 [============>.................] - ETA: 0s - loss: 1.3804 - accuracy: 0.5607
18/32 [===============>..............] - ETA: 0s - loss: 1.3702 - accuracy: 0.5628
23/32 [====================>.........] - ETA: 0s - loss: 1.3855 - accuracy: 0.5539
27/32 [========================>.....] - ETA: 0s - loss: 1.3717 - accuracy: 0.5589
31/32 [============================>.] - ETA: 0s - loss: 1.3607 - accuracy: 0.5671
32/32 [==============================] - 0s 13ms/step - loss: 1.3612 - accuracy: 0.5669
Epoch 15/50

 1/32 [..............................] - ETA: 0s - loss: 1.0974 - accuracy: 0.6500
 5/32 [===>..........................] - ETA: 0s - loss: 1.3607 - accuracy: 0.5580
 9/32 [=======>......................] - ETA: 0s - loss: 1.4655 - accuracy: 0.5222
14/32 [============>.................] - ETA: 0s - loss: 1.4606 - accuracy: 0.5150
18/32 [===============>..............] - ETA: 0s - loss: 1.4446 - accuracy: 0.5289
22/32 [===================>..........] - ETA: 0s - loss: 1.4141 - accuracy: 0.5418
27/32 [========================>.....] - ETA: 0s - loss: 1.3985 - accuracy: 0.5448
32/32 [==============================] - ETA: 0s - loss: 1.3901 - accuracy: 0.5457
32/32 [==============================] - 0s 13ms/step - loss: 1.3901 - accuracy: 0.5457
Epoch 16/50

 1/32 [..............................] - ETA: 0s - loss: 1.3743 - accuracy: 0.5300
 5/32 [===>..........................] - ETA: 0s - loss: 1.2569 - accuracy: 0.5920
10/32 [========>.....................] - ETA: 0s - loss: 1.2376 - accuracy: 0.6280
14/32 [============>.................] - ETA: 0s - loss: 1.2447 - accuracy: 0.6271
19/32 [================>.............] - ETA: 0s - loss: 1.2454 - accuracy: 0.6247
23/32 [====================>.........] - ETA: 0s - loss: 1.2496 - accuracy: 0.6204
28/32 [=========================>....] - ETA: 0s - loss: 1.2198 - accuracy: 0.6271
32/32 [==============================] - ETA: 0s - loss: 1.2233 - accuracy: 0.6246
32/32 [==============================] - 0s 13ms/step - loss: 1.2233 - accuracy: 0.6246
Epoch 17/50

 1/32 [..............................] - ETA: 0s - loss: 1.2408 - accuracy: 0.6100
 6/32 [====>.........................] - ETA: 0s - loss: 1.2498 - accuracy: 0.5900
10/32 [========>.....................] - ETA: 0s - loss: 1.3029 - accuracy: 0.5710
15/32 [=============>................] - ETA: 0s - loss: 1.3163 - accuracy: 0.5773
20/32 [=================>............] - ETA: 0s - loss: 1.3019 - accuracy: 0.5835
25/32 [======================>.......] - ETA: 0s - loss: 1.2898 - accuracy: 0.5924
29/32 [==========================>...] - ETA: 0s - loss: 1.2660 - accuracy: 0.6003
32/32 [==============================] - 0s 13ms/step - loss: 1.2522 - accuracy: 0.6051
Epoch 18/50

 1/32 [..............................] - ETA: 0s - loss: 1.0397 - accuracy: 0.6100
 6/32 [====>.........................] - ETA: 0s - loss: 1.2415 - accuracy: 0.5850
11/32 [=========>....................] - ETA: 0s - loss: 1.2743 - accuracy: 0.5845
15/32 [=============>................] - ETA: 0s - loss: 1.2813 - accuracy: 0.5780
19/32 [================>.............] - ETA: 0s - loss: 1.2781 - accuracy: 0.5816
24/32 [=====================>........] - ETA: 0s - loss: 1.2734 - accuracy: 0.5867
28/32 [=========================>....] - ETA: 0s - loss: 1.2521 - accuracy: 0.5943
32/32 [==============================] - 0s 13ms/step - loss: 1.2464 - accuracy: 0.5970
Epoch 19/50

 1/32 [..............................] - ETA: 0s - loss: 1.3065 - accuracy: 0.5400
 5/32 [===>..........................] - ETA: 0s - loss: 1.2295 - accuracy: 0.6020
10/32 [========>.....................] - ETA: 0s - loss: 1.2184 - accuracy: 0.5970
14/32 [============>.................] - ETA: 0s - loss: 1.1899 - accuracy: 0.6043
18/32 [===============>..............] - ETA: 0s - loss: 1.1896 - accuracy: 0.6050
23/32 [====================>.........] - ETA: 0s - loss: 1.1917 - accuracy: 0.6109
28/32 [=========================>....] - ETA: 0s - loss: 1.2062 - accuracy: 0.6086
31/32 [============================>.] - ETA: 0s - loss: 1.1875 - accuracy: 0.6165
32/32 [==============================] - 0s 13ms/step - loss: 1.1887 - accuracy: 0.6160
Epoch 20/50

 1/32 [..............................] - ETA: 0s - loss: 1.1973 - accuracy: 0.6200
 5/32 [===>..........................] - ETA: 0s - loss: 1.1177 - accuracy: 0.6500
10/32 [========>.....................] - ETA: 0s - loss: 1.1182 - accuracy: 0.6580
14/32 [============>.................] - ETA: 0s - loss: 1.1381 - accuracy: 0.6521
19/32 [================>.............] - ETA: 0s - loss: 1.1481 - accuracy: 0.6458
24/32 [=====================>........] - ETA: 0s - loss: 1.1436 - accuracy: 0.6483
28/32 [=========================>....] - ETA: 0s - loss: 1.1555 - accuracy: 0.6425
32/32 [==============================] - 0s 13ms/step - loss: 1.1494 - accuracy: 0.6429
Epoch 21/50

 1/32 [..............................] - ETA: 0s - loss: 1.4651 - accuracy: 0.4700
 6/32 [====>.........................] - ETA: 0s - loss: 1.4380 - accuracy: 0.5333
10/32 [========>.....................] - ETA: 0s - loss: 1.3354 - accuracy: 0.5680
15/32 [=============>................] - ETA: 0s - loss: 1.3030 - accuracy: 0.5680
19/32 [================>.............] - ETA: 0s - loss: 1.2567 - accuracy: 0.5847
24/32 [=====================>........] - ETA: 0s - loss: 1.2266 - accuracy: 0.5979
28/32 [=========================>....] - ETA: 0s - loss: 1.2021 - accuracy: 0.6096
32/32 [==============================] - ETA: 0s - loss: 1.1944 - accuracy: 0.6089
32/32 [==============================] - 0s 13ms/step - loss: 1.1944 - accuracy: 0.6089
Epoch 22/50

 1/32 [..............................] - ETA: 0s - loss: 1.2119 - accuracy: 0.6500
 6/32 [====>.........................] - ETA: 0s - loss: 1.0876 - accuracy: 0.6533
10/32 [========>.....................] - ETA: 0s - loss: 1.0927 - accuracy: 0.6550
15/32 [=============>................] - ETA: 0s - loss: 1.0899 - accuracy: 0.6567
20/32 [=================>............] - ETA: 0s - loss: 1.0910 - accuracy: 0.6495
24/32 [=====================>........] - ETA: 0s - loss: 1.0865 - accuracy: 0.6529
29/32 [==========================>...] - ETA: 0s - loss: 1.0879 - accuracy: 0.6503
32/32 [==============================] - 0s 12ms/step - loss: 1.0775 - accuracy: 0.6522
Epoch 23/50

 1/32 [..............................] - ETA: 0s - loss: 0.7690 - accuracy: 0.7700
 6/32 [====>.........................] - ETA: 0s - loss: 1.0004 - accuracy: 0.6900
10/32 [========>.....................] - ETA: 0s - loss: 1.0450 - accuracy: 0.6740
15/32 [=============>................] - ETA: 0s - loss: 1.1045 - accuracy: 0.6493
20/32 [=================>............] - ETA: 0s - loss: 1.1129 - accuracy: 0.6440
24/32 [=====================>........] - ETA: 0s - loss: 1.1142 - accuracy: 0.6413
29/32 [==========================>...] - ETA: 0s - loss: 1.1079 - accuracy: 0.6493
32/32 [==============================] - 0s 13ms/step - loss: 1.1182 - accuracy: 0.6474
Epoch 24/50

 1/32 [..............................] - ETA: 0s - loss: 1.2368 - accuracy: 0.5600
 6/32 [====>.........................] - ETA: 0s - loss: 1.0226 - accuracy: 0.6400
10/32 [========>.....................] - ETA: 0s - loss: 1.0747 - accuracy: 0.6330
15/32 [=============>................] - ETA: 0s - loss: 1.0560 - accuracy: 0.6447
20/32 [=================>............] - ETA: 0s - loss: 1.0470 - accuracy: 0.6520
24/32 [=====================>........] - ETA: 0s - loss: 1.0540 - accuracy: 0.6467
28/32 [=========================>....] - ETA: 0s - loss: 1.0856 - accuracy: 0.6411
32/32 [==============================] - 0s 12ms/step - loss: 1.0867 - accuracy: 0.6423
Epoch 25/50

 1/32 [..............................] - ETA: 0s - loss: 1.6209 - accuracy: 0.4200
 6/32 [====>.........................] - ETA: 0s - loss: 1.3623 - accuracy: 0.5400
11/32 [=========>....................] - ETA: 0s - loss: 1.3166 - accuracy: 0.5591
15/32 [=============>................] - ETA: 0s - loss: 1.2803 - accuracy: 0.5767
20/32 [=================>............] - ETA: 0s - loss: 1.2574 - accuracy: 0.5805
24/32 [=====================>........] - ETA: 0s - loss: 1.2302 - accuracy: 0.5871
29/32 [==========================>...] - ETA: 0s - loss: 1.2206 - accuracy: 0.5886
32/32 [==============================] - 0s 13ms/step - loss: 1.2193 - accuracy: 0.5903
Epoch 26/50

 1/32 [..............................] - ETA: 0s - loss: 1.2997 - accuracy: 0.6100
 5/32 [===>..........................] - ETA: 0s - loss: 1.1564 - accuracy: 0.6320
10/32 [========>.....................] - ETA: 0s - loss: 1.1383 - accuracy: 0.6310
15/32 [=============>................] - ETA: 0s - loss: 1.1246 - accuracy: 0.6353
19/32 [================>.............] - ETA: 0s - loss: 1.1090 - accuracy: 0.6379
24/32 [=====================>........] - ETA: 0s - loss: 1.1095 - accuracy: 0.6363
28/32 [=========================>....] - ETA: 0s - loss: 1.1078 - accuracy: 0.6350
32/32 [==============================] - 0s 12ms/step - loss: 1.1165 - accuracy: 0.6275
Epoch 27/50

 1/32 [..............................] - ETA: 0s - loss: 1.3343 - accuracy: 0.5800
 5/32 [===>..........................] - ETA: 0s - loss: 1.2896 - accuracy: 0.5460
 9/32 [=======>......................] - ETA: 0s - loss: 1.2200 - accuracy: 0.5711
13/32 [===========>..................] - ETA: 0s - loss: 1.2124 - accuracy: 0.5854
18/32 [===============>..............] - ETA: 0s - loss: 1.1633 - accuracy: 0.6061
22/32 [===================>..........] - ETA: 0s - loss: 1.1433 - accuracy: 0.6095
27/32 [========================>.....] - ETA: 0s - loss: 1.1496 - accuracy: 0.6048
31/32 [============================>.] - ETA: 0s - loss: 1.1344 - accuracy: 0.6094
32/32 [==============================] - 0s 13ms/step - loss: 1.1350 - accuracy: 0.6092
Epoch 28/50

 1/32 [..............................] - ETA: 0s - loss: 1.1442 - accuracy: 0.6500
 5/32 [===>..........................] - ETA: 0s - loss: 1.0890 - accuracy: 0.6660
10/32 [========>.....................] - ETA: 0s - loss: 1.0954 - accuracy: 0.6560
14/32 [============>.................] - ETA: 0s - loss: 1.0883 - accuracy: 0.6536
18/32 [===============>..............] - ETA: 0s - loss: 1.0563 - accuracy: 0.6656
23/32 [====================>.........] - ETA: 0s - loss: 1.0522 - accuracy: 0.6604
27/32 [========================>.....] - ETA: 0s - loss: 1.0555 - accuracy: 0.6567
32/32 [==============================] - ETA: 0s - loss: 1.0475 - accuracy: 0.6554
32/32 [==============================] - 0s 13ms/step - loss: 1.0475 - accuracy: 0.6554
Epoch 29/50

 1/32 [..............................] - ETA: 0s - loss: 0.9976 - accuracy: 0.6600
 5/32 [===>..........................] - ETA: 0s - loss: 0.9651 - accuracy: 0.6860
10/32 [========>.....................] - ETA: 0s - loss: 0.9808 - accuracy: 0.6780
15/32 [=============>................] - ETA: 0s - loss: 0.9953 - accuracy: 0.6767
19/32 [================>.............] - ETA: 0s - loss: 1.0306 - accuracy: 0.6537
23/32 [====================>.........] - ETA: 0s - loss: 1.0358 - accuracy: 0.6487
28/32 [=========================>....] - ETA: 0s - loss: 1.0478 - accuracy: 0.6446
32/32 [==============================] - 0s 13ms/step - loss: 1.0571 - accuracy: 0.6429
Epoch 30/50

 1/32 [..............................] - ETA: 0s - loss: 1.0093 - accuracy: 0.6800
 5/32 [===>..........................] - ETA: 0s - loss: 0.9509 - accuracy: 0.6860
 9/32 [=======>......................] - ETA: 0s - loss: 1.0013 - accuracy: 0.6633
14/32 [============>.................] - ETA: 0s - loss: 1.0170 - accuracy: 0.6464
18/32 [===============>..............] - ETA: 0s - loss: 1.0089 - accuracy: 0.6528
22/32 [===================>..........] - ETA: 0s - loss: 1.0166 - accuracy: 0.6523
27/32 [========================>.....] - ETA: 0s - loss: 1.0115 - accuracy: 0.6522
31/32 [============================>.] - ETA: 0s - loss: 1.0161 - accuracy: 0.6519
32/32 [==============================] - 0s 13ms/step - loss: 1.0155 - accuracy: 0.6519
Epoch 31/50

 1/32 [..............................] - ETA: 0s - loss: 0.8202 - accuracy: 0.7600
 6/32 [====>.........................] - ETA: 0s - loss: 1.0037 - accuracy: 0.6767
10/32 [========>.....................] - ETA: 0s - loss: 1.0084 - accuracy: 0.6740
15/32 [=============>................] - ETA: 0s - loss: 1.0072 - accuracy: 0.6720
19/32 [================>.............] - ETA: 0s - loss: 1.0211 - accuracy: 0.6647
24/32 [=====================>........] - ETA: 0s - loss: 1.0331 - accuracy: 0.6575
28/32 [=========================>....] - ETA: 0s - loss: 1.0369 - accuracy: 0.6532
32/32 [==============================] - 0s 12ms/step - loss: 1.0372 - accuracy: 0.6513
Epoch 32/50

 1/32 [..............................] - ETA: 0s - loss: 0.8866 - accuracy: 0.7200
 5/32 [===>..........................] - ETA: 0s - loss: 1.0405 - accuracy: 0.6400
 9/32 [=======>......................] - ETA: 0s - loss: 1.0537 - accuracy: 0.6444
14/32 [============>.................] - ETA: 0s - loss: 1.0598 - accuracy: 0.6429
18/32 [===============>..............] - ETA: 0s - loss: 1.0286 - accuracy: 0.6567
23/32 [====================>.........] - ETA: 0s - loss: 1.0258 - accuracy: 0.6557
27/32 [========================>.....] - ETA: 0s - loss: 1.0076 - accuracy: 0.6626
32/32 [==============================] - ETA: 0s - loss: 1.0034 - accuracy: 0.6609
32/32 [==============================] - 0s 13ms/step - loss: 1.0034 - accuracy: 0.6609
Epoch 33/50

 1/32 [..............................] - ETA: 0s - loss: 0.9805 - accuracy: 0.6800
 5/32 [===>..........................] - ETA: 0s - loss: 0.9865 - accuracy: 0.6740
10/32 [========>.....................] - ETA: 0s - loss: 0.9357 - accuracy: 0.6870
15/32 [=============>................] - ETA: 0s - loss: 0.9699 - accuracy: 0.6753
20/32 [=================>............] - ETA: 0s - loss: 0.9759 - accuracy: 0.6780
24/32 [=====================>........] - ETA: 0s - loss: 0.9958 - accuracy: 0.6712
28/32 [=========================>....] - ETA: 0s - loss: 0.9784 - accuracy: 0.6771
32/32 [==============================] - 0s 13ms/step - loss: 0.9736 - accuracy: 0.6760
Epoch 34/50

 1/32 [..............................] - ETA: 0s - loss: 1.1189 - accuracy: 0.6300
 6/32 [====>.........................] - ETA: 0s - loss: 1.0307 - accuracy: 0.6500
11/32 [=========>....................] - ETA: 0s - loss: 1.0583 - accuracy: 0.6327
15/32 [=============>................] - ETA: 0s - loss: 1.0474 - accuracy: 0.6340
19/32 [================>.............] - ETA: 0s - loss: 1.0768 - accuracy: 0.6216
24/32 [=====================>........] - ETA: 0s - loss: 1.0949 - accuracy: 0.6204
28/32 [=========================>....] - ETA: 0s - loss: 1.1171 - accuracy: 0.6211
32/32 [==============================] - ETA: 0s - loss: 1.1351 - accuracy: 0.6189
32/32 [==============================] - 0s 13ms/step - loss: 1.1351 - accuracy: 0.6189
Epoch 35/50

 1/32 [..............................] - ETA: 0s - loss: 1.2401 - accuracy: 0.6000
 6/32 [====>.........................] - ETA: 0s - loss: 1.1554 - accuracy: 0.5867
11/32 [=========>....................] - ETA: 0s - loss: 1.0825 - accuracy: 0.6164
16/32 [==============>...............] - ETA: 0s - loss: 1.0474 - accuracy: 0.6294
20/32 [=================>............] - ETA: 0s - loss: 1.0385 - accuracy: 0.6315
25/32 [======================>.......] - ETA: 0s - loss: 1.0308 - accuracy: 0.6356
29/32 [==========================>...] - ETA: 0s - loss: 1.0110 - accuracy: 0.6455
32/32 [==============================] - 0s 13ms/step - loss: 1.0092 - accuracy: 0.6426
Epoch 36/50

 1/32 [..............................] - ETA: 0s - loss: 0.9843 - accuracy: 0.6200
 5/32 [===>..........................] - ETA: 0s - loss: 1.0294 - accuracy: 0.6480
10/32 [========>.....................] - ETA: 0s - loss: 0.9681 - accuracy: 0.6600
14/32 [============>.................] - ETA: 0s - loss: 1.0126 - accuracy: 0.6486
19/32 [================>.............] - ETA: 0s - loss: 0.9951 - accuracy: 0.6537
23/32 [====================>.........] - ETA: 0s - loss: 0.9848 - accuracy: 0.6561
28/32 [=========================>....] - ETA: 0s - loss: 0.9839 - accuracy: 0.6589
32/32 [==============================] - 0s 12ms/step - loss: 0.9651 - accuracy: 0.6660
Epoch 37/50

 1/32 [..............................] - ETA: 0s - loss: 0.9064 - accuracy: 0.7100
 5/32 [===>..........................] - ETA: 0s - loss: 0.9136 - accuracy: 0.6940
10/32 [========>.....................] - ETA: 0s - loss: 0.9670 - accuracy: 0.6640
15/32 [=============>................] - ETA: 0s - loss: 0.9253 - accuracy: 0.6813
19/32 [================>.............] - ETA: 0s - loss: 0.9144 - accuracy: 0.6853
24/32 [=====================>........] - ETA: 0s - loss: 0.8961 - accuracy: 0.6892
28/32 [=========================>....] - ETA: 0s - loss: 0.9022 - accuracy: 0.6857
32/32 [==============================] - 0s 13ms/step - loss: 0.8995 - accuracy: 0.6901
Epoch 38/50

 1/32 [..............................] - ETA: 0s - loss: 0.8823 - accuracy: 0.7000
 5/32 [===>..........................] - ETA: 0s - loss: 0.8272 - accuracy: 0.7060
10/32 [========>.....................] - ETA: 0s - loss: 0.8651 - accuracy: 0.6890
14/32 [============>.................] - ETA: 0s - loss: 0.8810 - accuracy: 0.6929
18/32 [===============>..............] - ETA: 0s - loss: 0.9289 - accuracy: 0.6772
23/32 [====================>.........] - ETA: 0s - loss: 0.9359 - accuracy: 0.6765
28/32 [=========================>....] - ETA: 0s - loss: 0.9513 - accuracy: 0.6671
32/32 [==============================] - 0s 12ms/step - loss: 0.9608 - accuracy: 0.6673
Epoch 39/50

 1/32 [..............................] - ETA: 0s - loss: 1.3312 - accuracy: 0.5800
 6/32 [====>.........................] - ETA: 0s - loss: 1.0673 - accuracy: 0.6433
10/32 [========>.....................] - ETA: 0s - loss: 1.0066 - accuracy: 0.6620
14/32 [============>.................] - ETA: 0s - loss: 1.0002 - accuracy: 0.6593
19/32 [================>.............] - ETA: 0s - loss: 0.9884 - accuracy: 0.6674
24/32 [=====================>........] - ETA: 0s - loss: 0.9681 - accuracy: 0.6696
28/32 [=========================>....] - ETA: 0s - loss: 0.9649 - accuracy: 0.6686
32/32 [==============================] - 0s 13ms/step - loss: 0.9616 - accuracy: 0.6683
Epoch 40/50

 1/32 [..............................] - ETA: 0s - loss: 0.7416 - accuracy: 0.7400
 5/32 [===>..........................] - ETA: 0s - loss: 1.0167 - accuracy: 0.6620
 9/32 [=======>......................] - ETA: 0s - loss: 1.0721 - accuracy: 0.6389
14/32 [============>.................] - ETA: 0s - loss: 1.0107 - accuracy: 0.6607
18/32 [===============>..............] - ETA: 0s - loss: 1.0065 - accuracy: 0.6600
23/32 [====================>.........] - ETA: 0s - loss: 0.9870 - accuracy: 0.6661
27/32 [========================>.....] - ETA: 0s - loss: 0.9598 - accuracy: 0.6770
31/32 [============================>.] - ETA: 0s - loss: 0.9611 - accuracy: 0.6777
32/32 [==============================] - 0s 13ms/step - loss: 0.9624 - accuracy: 0.6769
Epoch 41/50

 1/32 [..............................] - ETA: 0s - loss: 1.3217 - accuracy: 0.5100
 6/32 [====>.........................] - ETA: 0s - loss: 1.0234 - accuracy: 0.6467
10/32 [========>.....................] - ETA: 0s - loss: 0.9948 - accuracy: 0.6570
15/32 [=============>................] - ETA: 0s - loss: 0.9493 - accuracy: 0.6793
20/32 [=================>............] - ETA: 0s - loss: 0.9145 - accuracy: 0.6925
24/32 [=====================>........] - ETA: 0s - loss: 0.9068 - accuracy: 0.6958
29/32 [==========================>...] - ETA: 0s - loss: 0.9005 - accuracy: 0.7000
32/32 [==============================] - 0s 13ms/step - loss: 0.8966 - accuracy: 0.7023
Epoch 42/50

 1/32 [..............................] - ETA: 0s - loss: 0.9817 - accuracy: 0.6300
 6/32 [====>.........................] - ETA: 0s - loss: 0.8379 - accuracy: 0.7217
10/32 [========>.....................] - ETA: 0s - loss: 0.8594 - accuracy: 0.7120
14/32 [============>.................] - ETA: 0s - loss: 0.8680 - accuracy: 0.7036
19/32 [================>.............] - ETA: 0s - loss: 0.9007 - accuracy: 0.6879
23/32 [====================>.........] - ETA: 0s - loss: 0.9307 - accuracy: 0.6791
28/32 [=========================>....] - ETA: 0s - loss: 0.9220 - accuracy: 0.6807
32/32 [==============================] - 0s 12ms/step - loss: 0.9332 - accuracy: 0.6740
Epoch 43/50

 1/32 [..............................] - ETA: 0s - loss: 0.9032 - accuracy: 0.7000
 6/32 [====>.........................] - ETA: 0s - loss: 0.8951 - accuracy: 0.6900
11/32 [=========>....................] - ETA: 0s - loss: 0.8913 - accuracy: 0.6864
15/32 [=============>................] - ETA: 0s - loss: 0.9142 - accuracy: 0.6827
20/32 [=================>............] - ETA: 0s - loss: 0.8866 - accuracy: 0.6935
24/32 [=====================>........] - ETA: 0s - loss: 0.8778 - accuracy: 0.6963
29/32 [==========================>...] - ETA: 0s - loss: 0.8881 - accuracy: 0.6941
32/32 [==============================] - 0s 13ms/step - loss: 0.8862 - accuracy: 0.6962
Epoch 44/50

 1/32 [..............................] - ETA: 0s - loss: 0.8005 - accuracy: 0.7100
 5/32 [===>..........................] - ETA: 0s - loss: 0.8940 - accuracy: 0.6760
 9/32 [=======>......................] - ETA: 0s - loss: 0.9049 - accuracy: 0.6944
14/32 [============>.................] - ETA: 0s - loss: 0.8793 - accuracy: 0.7036
19/32 [================>.............] - ETA: 0s - loss: 0.8885 - accuracy: 0.6958
23/32 [====================>.........] - ETA: 0s - loss: 0.8755 - accuracy: 0.6991
28/32 [=========================>....] - ETA: 0s - loss: 0.8606 - accuracy: 0.7014
32/32 [==============================] - 0s 13ms/step - loss: 0.8648 - accuracy: 0.7004
Epoch 45/50

 1/32 [..............................] - ETA: 0s - loss: 1.0223 - accuracy: 0.6200
 4/32 [==>...........................] - ETA: 0s - loss: 0.8297 - accuracy: 0.7025
10/32 [========>.....................] - ETA: 0s - loss: 0.8780 - accuracy: 0.7100
14/32 [============>.................] - ETA: 0s - loss: 0.8550 - accuracy: 0.7157
19/32 [================>.............] - ETA: 0s - loss: 0.8333 - accuracy: 0.7147
23/32 [====================>.........] - ETA: 0s - loss: 0.8361 - accuracy: 0.7178
28/32 [=========================>....] - ETA: 0s - loss: 0.8453 - accuracy: 0.7150
32/32 [==============================] - 0s 13ms/step - loss: 0.8348 - accuracy: 0.7199
Epoch 46/50

 1/32 [..............................] - ETA: 0s - loss: 0.8198 - accuracy: 0.7100
 5/32 [===>..........................] - ETA: 0s - loss: 0.7862 - accuracy: 0.7200
10/32 [========>.....................] - ETA: 0s - loss: 0.8188 - accuracy: 0.7100
14/32 [============>.................] - ETA: 0s - loss: 0.8424 - accuracy: 0.7036
19/32 [================>.............] - ETA: 0s - loss: 0.9025 - accuracy: 0.6858
23/32 [====================>.........] - ETA: 0s - loss: 0.8829 - accuracy: 0.6939
27/32 [========================>.....] - ETA: 0s - loss: 0.8771 - accuracy: 0.6952
32/32 [==============================] - ETA: 0s - loss: 0.8658 - accuracy: 0.6968
32/32 [==============================] - 0s 13ms/step - loss: 0.8658 - accuracy: 0.6968
Epoch 47/50

 1/32 [..............................] - ETA: 0s - loss: 0.9956 - accuracy: 0.6000
 5/32 [===>..........................] - ETA: 0s - loss: 0.8380 - accuracy: 0.7060
10/32 [========>.....................] - ETA: 0s - loss: 0.8380 - accuracy: 0.6990
14/32 [============>.................] - ETA: 0s - loss: 0.8404 - accuracy: 0.6964
19/32 [================>.............] - ETA: 0s - loss: 0.8415 - accuracy: 0.7026
23/32 [====================>.........] - ETA: 0s - loss: 0.8457 - accuracy: 0.7043
28/32 [=========================>....] - ETA: 0s - loss: 0.8434 - accuracy: 0.7082
32/32 [==============================] - 0s 12ms/step - loss: 0.8426 - accuracy: 0.7068
Epoch 48/50

 1/32 [..............................] - ETA: 0s - loss: 0.8402 - accuracy: 0.7600
 6/32 [====>.........................] - ETA: 0s - loss: 0.8434 - accuracy: 0.7167
10/32 [========>.....................] - ETA: 0s - loss: 0.8318 - accuracy: 0.7190
15/32 [=============>................] - ETA: 0s - loss: 0.8320 - accuracy: 0.7173
19/32 [================>.............] - ETA: 0s - loss: 0.8347 - accuracy: 0.7137
24/32 [=====================>........] - ETA: 0s - loss: 0.8432 - accuracy: 0.7075
28/32 [=========================>....] - ETA: 0s - loss: 0.8361 - accuracy: 0.7079
32/32 [==============================] - 0s 13ms/step - loss: 0.8288 - accuracy: 0.7135
Epoch 49/50

 1/32 [..............................] - ETA: 0s - loss: 0.7787 - accuracy: 0.7000
 6/32 [====>.........................] - ETA: 0s - loss: 0.9118 - accuracy: 0.6850
11/32 [=========>....................] - ETA: 0s - loss: 0.9212 - accuracy: 0.6809
16/32 [==============>...............] - ETA: 0s - loss: 0.8918 - accuracy: 0.6938
20/32 [=================>............] - ETA: 0s - loss: 0.8913 - accuracy: 0.6905
25/32 [======================>.......] - ETA: 0s - loss: 0.8998 - accuracy: 0.6872
30/32 [===========================>..] - ETA: 0s - loss: 0.8788 - accuracy: 0.6973
32/32 [==============================] - 0s 12ms/step - loss: 0.8788 - accuracy: 0.6981
Epoch 50/50

 1/32 [..............................] - ETA: 0s - loss: 0.7939 - accuracy: 0.7700
 5/32 [===>..........................] - ETA: 0s - loss: 0.9619 - accuracy: 0.6820
10/32 [========>.....................] - ETA: 0s - loss: 0.8895 - accuracy: 0.7050
15/32 [=============>................] - ETA: 0s - loss: 0.8835 - accuracy: 0.7033
19/32 [================>.............] - ETA: 0s - loss: 0.8714 - accuracy: 0.7053
24/32 [=====================>........] - ETA: 0s - loss: 0.8655 - accuracy: 0.7050
29/32 [==========================>...] - ETA: 0s - loss: 0.8479 - accuracy: 0.7138
32/32 [==============================] - 0s 13ms/step - loss: 0.8476 - accuracy: 0.7135
---SETUP---
Approach:  Selection
Type of network:  LSTM
Points per example:  150
Num classes:  13

 1/32 [..............................] - ETA: 8s
12/32 [==========>...................] - ETA: 0s
22/32 [===================>..........] - ETA: 0s
32/32 [==============================] - 0s 5ms/step
---TRAIN---
3117 : Number of training examples
[[  0   0   0   0   0   0   0   0   0   0   0   0   0   0]
 [  0 722   9   3   0   2   1   0   0   0   8   0   0   0]
 [  0  64 623   0   7   3   1   0   0   0   0  22   2  21]
 [  0  21   0  50   0   0   1   0   1   0  75   0   0   0]
 [  0   0   4   1  35   1   0   0   3   1   0   2  68  33]
 [  0   2   0   2   0  80   7   7   1  48   0   0   1   0]
 [  0   0   0   1   0  13 124   8   0   1   1   0   0   1]
 [  0   7   0   0   0   6   0 133   1   0   1   0   0   0]
 [  0   1   3   5   2  10   5   1 110   4   1   2   1   3]
 [  0   1   0   0   1  30   4   4   5  87   0   0  11   5]
 [  0  34   0  21   0   2   0   0   0   1  88   0   0   2]
 [  0   1   3   0  39   1   0   0   0   2   1   3  59  39]
 [  0   0   4   0  12   1   1   0   2   7   0   2  95  24]
 [  0   1   2   0  13  10   0   0   0   3   0   0  36  83]]
0.7163939685595123 : Train accuracy
0.7067706845555223 : Train fmeasure weighted
---TEST---

 1/12 [=>............................] - ETA: 0s
11/12 [==========================>...] - ETA: 0s
12/12 [==============================] - 0s 6ms/step
1101 : Number of testing examples
[[  0   0   0   0   0   0   0   0   0   0   0   0   0   0]
 [  0 248   6   2   0   0   0   0   5   0   4   0   0   0]
 [  0  17 233   0   1   1   0   0   4   0   1   2   5   0]
 [  0   7   0   9   0   0   0   0   1   0  35   0   0   0]
 [  0   0   2   0  20   0   0   0   2   0   0   0  21   7]
 [  0   1   0   0   0  25   0   2   0  23   0   0   1   0]
 [  0   0   0   0   0   2  47   1   2   0   0   0   0   0]
 [  0   0   0   0   0   0   0  52   0   0   0   0   0   0]
 [  0   0   0   0   0   5   1   0  44   2   0   0   0   0]
 [  0   0   0   0   0  11   1   0   3  34   0   0   2   1]
 [  0   4   0   7   0   0   0   0   0   0  41   0   0   0]
 [  0   0   1   0  20   0   0   0   3   0   0   4  17   7]
 [  0   0   0   0   2   2   0   0   5   0   0   0  42   1]
 [  0   0   0   0   4   2   0   0   4   1   0   2  15  24]]
0.7475022706630337 : Test accuracy
0.7333726406536936 : Test fmeasure weighted
